20:03:24	 ----------------------So Dat Cuoc : 0	 So Chi Tra 0	Loi Tuc	0
20:06:24	 ----------------------So Dat Cuoc : 0	 So Chi Tra 0	Loi Tuc	0
20:09:24	 ----------------------So Dat Cuoc : 0	 So Chi Tra 0	Loi Tuc	0
20:12:24	 ----------------------So Dat Cuoc : 0	 So Chi Tra 0	Loi Tuc	0
20:15:24	 ----------------------So Dat Cuoc : 0	 So Chi Tra 0	Loi Tuc	0
20:18:24	 ----------------------So Dat Cuoc : 0	 So Chi Tra 0	Loi Tuc	0
20:21:24	 ----------------------So Dat Cuoc : 0	 So Chi Tra 0	Loi Tuc	0
20:24:24	 ----------------------So Dat Cuoc : 0	 So Chi Tra 0	Loi Tuc	0
20:27:24	 ----------------------So Dat Cuoc : 0	 So Chi Tra 0	Loi Tuc	0
20:30:24	 ----------------------So Dat Cuoc : 0	 So Chi Tra 0	Loi Tuc	0
20:33:24	 ----------------------So Dat Cuoc : 0	 So Chi Tra 0	Loi Tuc	0
20:36:24	 ----------------------So Dat Cuoc : 0	 So Chi Tra 0	Loi Tuc	0
20:39:24	 ----------------------So Dat Cuoc : 0	 So Chi Tra 0	Loi Tuc	0
20:42:24	 ----------------------So Dat Cuoc : 0	 So Chi Tra 0	Loi Tuc	0
20:45:24	 ----------------------So Dat Cuoc : 0	 So Chi Tra 0	Loi Tuc	0
20:48:24	 ----------------------So Dat Cuoc : 0	 So Chi Tra 0	Loi Tuc	0
20:51:24	 ----------------------So Dat Cuoc : 0	 So Chi Tra 0	Loi Tuc	0
20:54:24	 ----------------------So Dat Cuoc : 0	 So Chi Tra 0	Loi Tuc	0
20:57:24	 ----------------------So Dat Cuoc : 0	 So Chi Tra 0	Loi Tuc	0
20:58:37	 Name: aadadasdsad	 Dat Cuoc T«m Voi 10 Tien Dong
21:00:24	 ----------------------So Dat Cuoc : 10	 So Chi Tra 20	Loi Tuc	-10
21:00:24	 Name: aadadasdsad	 Chien Thang Bau Cua 20 Tien Dong
21:01:34	 Name: aadadasdsad	 Dat Cuoc C¸ Voi 20 Tien Dong
21:03:24	 ----------------------So Dat Cuoc : 20	 So Chi Tra 0	Loi Tuc	20
21:06:24	 ----------------------So Dat Cuoc : 0	 So Chi Tra 0	Loi Tuc	0
21:09:24	 ----------------------So Dat Cuoc : 0	 So Chi Tra 0	Loi Tuc	0
21:12:24	 ----------------------So Dat Cuoc : 0	 So Chi Tra 0	Loi Tuc	0
21:15:24	 ----------------------So Dat Cuoc : 0	 So Chi Tra 0	Loi Tuc	0
21:18:24	 ----------------------So Dat Cuoc : 0	 So Chi Tra 0	Loi Tuc	0
21:21:24	 ----------------------So Dat Cuoc : 0	 So Chi Tra 0	Loi Tuc	0
21:24:24	 ----------------------So Dat Cuoc : 0	 So Chi Tra 0	Loi Tuc	0
21:27:24	 ----------------------So Dat Cuoc : 0	 So Chi Tra 0	Loi Tuc	0
21:30:24	 ----------------------So Dat Cuoc : 0	 So Chi Tra 0	Loi Tuc	0
21:33:24	 ----------------------So Dat Cuoc : 0	 So Chi Tra 0	Loi Tuc	0
21:36:24	 ----------------------So Dat Cuoc : 0	 So Chi Tra 0	Loi Tuc	0
21:39:24	 ----------------------So Dat Cuoc : 0	 So Chi Tra 0	Loi Tuc	0
21:42:24	 ----------------------So Dat Cuoc : 0	 So Chi Tra 0	Loi Tuc	0
21:45:24	 ----------------------So Dat Cuoc : 0	 So Chi Tra 0	Loi Tuc	0
21:48:24	 ----------------------So Dat Cuoc : 0	 So Chi Tra 0	Loi Tuc	0
21:51:24	 ----------------------So Dat Cuoc : 0	 So Chi Tra 0	Loi Tuc	0
21:54:24	 ----------------------So Dat Cuoc : 0	 So Chi Tra 0	Loi Tuc	0
21:57:24	 ----------------------So Dat Cuoc : 0	 So Chi Tra 0	Loi Tuc	0
22:00:24	 ----------------------So Dat Cuoc : 0	 So Chi Tra 0	Loi Tuc	0
