20:03:23	 ----------------------So Dat Cuoc : 0	 So Chi Tra 0	Loi Tuc	0
20:06:23	 ----------------------So Dat Cuoc : 0	 So Chi Tra 0	Loi Tuc	0
20:09:23	 ----------------------So Dat Cuoc : 0	 So Chi Tra 0	Loi Tuc	0
20:12:23	 ----------------------So Dat Cuoc : 0	 So Chi Tra 0	Loi Tuc	0
20:15:23	 ----------------------So Dat Cuoc : 0	 So Chi Tra 0	Loi Tuc	0
20:18:23	 ----------------------So Dat Cuoc : 0	 So Chi Tra 0	Loi Tuc	0
20:21:23	 ----------------------So Dat Cuoc : 0	 So Chi Tra 0	Loi Tuc	0
20:24:23	 ----------------------So Dat Cuoc : 0	 So Chi Tra 0	Loi Tuc	0
20:27:23	 ----------------------So Dat Cuoc : 0	 So Chi Tra 0	Loi Tuc	0
20:30:23	 ----------------------So Dat Cuoc : 0	 So Chi Tra 0	Loi Tuc	0
20:33:23	 ----------------------So Dat Cuoc : 0	 So Chi Tra 0	Loi Tuc	0
20:36:23	 ----------------------So Dat Cuoc : 0	 So Chi Tra 0	Loi Tuc	0
20:39:23	 ----------------------So Dat Cuoc : 0	 So Chi Tra 0	Loi Tuc	0
20:42:23	 ----------------------So Dat Cuoc : 0	 So Chi Tra 0	Loi Tuc	0
20:45:23	 ----------------------So Dat Cuoc : 0	 So Chi Tra 0	Loi Tuc	0
20:48:23	 ----------------------So Dat Cuoc : 0	 So Chi Tra 0	Loi Tuc	0
20:51:23	 ----------------------So Dat Cuoc : 0	 So Chi Tra 0	Loi Tuc	0
20:53:26	 Name: gfhgfkmjhgkfh	 Dat Cuoc Nai Voi 10 Tien Dong
20:54:23	 ----------------------So Dat Cuoc : 10	 So Chi Tra 0	Loi Tuc	10
20:55:35	 Name: baucua1	 Dat Cuoc BÇu Voi 10 Tien Dong
20:56:38	 Name: 768678578r567457	 Dat Cuoc T«m Voi 10 Tien Dong
20:57:23	 ----------------------So Dat Cuoc : 20	 So Chi Tra 40	Loi Tuc	-20
20:57:23	 Name: 768678578r567457	 Chien Thang Bau Cua 20 Tien Dong
20:57:23	 Name: baucua1	 Chien Thang Bau Cua 20 Tien Dong
20:58:47	 Name: bbbaccc	 Dat Cuoc Nai Voi 10 Tien Dong
20:59:51	 Name: weqweqwè	 Dat Cuoc Nai Voi 10 Tien Dong
21:00:23	 ----------------------So Dat Cuoc : 20	 So Chi Tra 60	Loi Tuc	-40
21:00:23	 Name: bbbaccc	 Chien Thang Bau Cua 30 Tien Dong
21:00:23	 Name: weqweqwè	 Chien Thang Bau Cua 30 Tien Dong
21:01:36	 Name: ssssss	 Dat Cuoc T«m Voi 10 Tien Dong
21:01:50	 Name: qweqwqw22	 Dat Cuoc T«m Voi 10 Tien Dong
21:01:58	 Name: 5466dfghfh	 Dat Cuoc Gµ Voi 10 Tien Dong
21:03:23	 ----------------------So Dat Cuoc : 30	 So Chi Tra 20	Loi Tuc	10
21:03:23	 Name: 5466dfghfh	 Chien Thang Bau Cua 20 Tien Dong
21:04:42	 Name: wwwqwqw1	 Dat Cuoc Cua Voi 10 Tien Dong
21:04:54	 Name: 5466dfghfh	 Dat Cuoc BÇu Voi 20 Tien Dong
21:05:18	 Name: qwsa222	 Dat Cuoc Cua Voi 10 Tien Dong
21:06:23	 ----------------------So Dat Cuoc : 40	 So Chi Tra 40	Loi Tuc	0
21:06:23	 Name: wwwqwqw1	 Chien Thang Bau Cua 20 Tien Dong
21:06:23	 Name: qwsa222	 Chien Thang Bau Cua 20 Tien Dong
21:08:52	 Name: 2435345	 Dat Cuoc BÇu Voi 10 Tien Dong
21:09:20	 Name: qweqweqwe2	 Dat Cuoc BÇu Voi 10 Tien Dong
21:09:23	 ----------------------So Dat Cuoc : 20	 So Chi Tra 60	Loi Tuc	-40
21:09:23	 Name: 2435345	 Chien Thang Bau Cua 30 Tien Dong
21:09:23	 Name: qweqweqwe2	 Chien Thang Bau Cua 30 Tien Dong
21:09:35	 ----------------------So Dat Cuoc : 0	 So Chi Tra 0	Loi Tuc	0
21:10:35	 Name: MelGameMaster	 Dat Cuoc T«m Voi 10 Tien Dong
21:10:41	 Name: 2435345	 Dat Cuoc T«m Voi 30 Tien Dong
21:10:44	 Name: eqeweqeqw	 Dat Cuoc C¸ Voi 10 Tien Dong
21:10:54	 Name: dasdasdad	 Dat Cuoc C¸ Voi 10 Tien Dong
21:11:33	 Name: asdasdsad222	 Dat Cuoc C¸ Voi 10 Tien Dong
21:12:23	 ----------------------So Dat Cuoc : 70	 So Chi Tra 180	Loi Tuc	-110
21:12:23	 Name: dasdasdad	 Chien Thang Bau Cua 20 Tien Dong
21:12:23	 Name: eqeweqeqw	 Chien Thang Bau Cua 20 Tien Dong
21:12:23	 Name: 2435345	 Chien Thang Bau Cua 90 Tien Dong
21:12:23	 Name: asdasdsad222	 Chien Thang Bau Cua 20 Tien Dong
21:12:23	 Name: MelGameMaster	 Chien Thang Bau Cua 30 Tien Dong
21:12:35	 ----------------------So Dat Cuoc : 0	 So Chi Tra 0	Loi Tuc	0
21:14:03	 Name: wqeqweqwe2	 Dat Cuoc BÇu Voi 10 Tien Dong
21:14:42	 Name: eewqweqw22	 Dat Cuoc BÇu Voi 10 Tien Dong
21:15:13	 Name: qeqewqeeq	 Dat Cuoc BÇu Voi 10 Tien Dong
21:15:19	 Name: 2435345	 Dat Cuoc Cua Voi 40 Tien Dong
21:15:23	 ----------------------So Dat Cuoc : 70	 So Chi Tra 60	Loi Tuc	10
21:15:23	 Name: eewqweqw22	 Chien Thang Bau Cua 20 Tien Dong
21:15:23	 Name: wqeqweqwe2	 Chien Thang Bau Cua 20 Tien Dong
21:15:23	 Name: qeqewqeeq	 Chien Thang Bau Cua 20 Tien Dong
21:15:35	 ----------------------So Dat Cuoc : 0	 So Chi Tra 0	Loi Tuc	0
21:17:34	 Name: 6456546	 Dat Cuoc Cua Voi 10 Tien Dong
21:18:23	 ----------------------So Dat Cuoc : 10	 So Chi Tra 0	Loi Tuc	10
21:18:35	 ----------------------So Dat Cuoc : 0	 So Chi Tra 0	Loi Tuc	0
21:20:10	 Name: 645645	 Dat Cuoc C¸ Voi 10 Tien Dong
21:21:05	 Name: q33333	 Dat Cuoc BÇu Voi 10 Tien Dong
21:21:11	 Name: wwww222aa	 Dat Cuoc BÇu Voi 10 Tien Dong
21:21:23	 ----------------------So Dat Cuoc : 30	 So Chi Tra 0	Loi Tuc	30
21:21:35	 ----------------------So Dat Cuoc : 0	 So Chi Tra 0	Loi Tuc	0
21:22:35	 Name: 564574567	 Dat Cuoc T«m Voi 10 Tien Dong
21:23:25	 Name: qeeqwqweqwe	 Dat Cuoc BÇu Voi 10 Tien Dong
21:23:32	 Name: qwqeqwe	 Dat Cuoc BÇu Voi 10 Tien Dong
21:24:23	 ----------------------So Dat Cuoc : 30	 So Chi Tra 80	Loi Tuc	-50
21:24:23	 Name: qwqeqwe	 Chien Thang Bau Cua 40 Tien Dong
21:24:23	 Name: qeeqwqweqwe	 Chien Thang Bau Cua 40 Tien Dong
21:24:35	 ----------------------So Dat Cuoc : 0	 So Chi Tra 0	Loi Tuc	0
21:25:34	 Name: 678952l	 Dat Cuoc Nai Voi 10 Tien Dong
21:27:23	 ----------------------So Dat Cuoc : 10	 So Chi Tra 0	Loi Tuc	10
21:27:35	 ----------------------So Dat Cuoc : 0	 So Chi Tra 0	Loi Tuc	0
21:29:15	 Name: 9785hyg	 Dat Cuoc C¸ Voi 10 Tien Dong
21:30:05	 Name: 867678679	 Dat Cuoc Cua Voi 10 Tien Dong
21:30:23	 ----------------------So Dat Cuoc : 20	 So Chi Tra 20	Loi Tuc	0
21:30:23	 Name: 867678679	 Chien Thang Bau Cua 20 Tien Dong
21:30:35	 ----------------------So Dat Cuoc : 0	 So Chi Tra 0	Loi Tuc	0
21:32:19	 Name: 7658768769	 Dat Cuoc BÇu Voi 10 Tien Dong
21:33:23	 ----------------------So Dat Cuoc : 10	 So Chi Tra 0	Loi Tuc	10
21:33:35	 ----------------------So Dat Cuoc : 0	 So Chi Tra 0	Loi Tuc	0
21:34:41	 Name: 657568567	 Dat Cuoc Cua Voi 10 Tien Dong
21:36:12	 Name: 6564645	 Dat Cuoc T«m Voi 10 Tien Dong
21:36:23	 ----------------------So Dat Cuoc : 20	 So Chi Tra 30	Loi Tuc	-10
21:36:23	 Name: 657568567	 Chien Thang Bau Cua 30 Tien Dong
21:36:35	 ----------------------So Dat Cuoc : 0	 So Chi Tra 0	Loi Tuc	0
21:37:39	 Name: 657568567	 Dat Cuoc Nai Voi 30 Tien Dong
21:37:50	 Name: 75675687567	 Dat Cuoc BÇu Voi 10 Tien Dong
21:39:23	 ----------------------So Dat Cuoc : 40	 So Chi Tra 60	Loi Tuc	-20
21:39:23	 Name: 657568567	 Chien Thang Bau Cua 60 Tien Dong
21:39:27	 Name: 654654645	 Dat Cuoc Cua Voi 10 Tien Dong
21:39:35	 ----------------------So Dat Cuoc : 10	 So Chi Tra 30	Loi Tuc	-20
21:39:35	 Name: 654654645	 Chien Thang Bau Cua 30 Tien Dong
21:40:41	 Name: 5DocLanh	 Dat Cuoc BÇu Voi 10 Tien Dong
21:40:51	 Name: 657568567	 Dat Cuoc BÇu Voi 10 Tien Dong
21:41:07	 Name: 654654645	 Dat Cuoc Cua Voi 10 Tien Dong
21:42:08	 Name: 54654645	 Dat Cuoc Nai Voi 10 Tien Dong
21:42:23	 ----------------------So Dat Cuoc : 40	 So Chi Tra 20	Loi Tuc	20
21:42:23	 Name: 54654645	 Chien Thang Bau Cua 20 Tien Dong
21:42:35	 ----------------------So Dat Cuoc : 0	 So Chi Tra 0	Loi Tuc	0
21:43:48	 Name: 126ffgg	 Dat Cuoc T«m Voi 10 Tien Dong
21:45:23	 ----------------------So Dat Cuoc : 10	 So Chi Tra 0	Loi Tuc	10
21:45:35	 ----------------------So Dat Cuoc : 0	 So Chi Tra 0	Loi Tuc	0
21:48:23	 ----------------------So Dat Cuoc : 0	 So Chi Tra 0	Loi Tuc	0
21:48:35	 ----------------------So Dat Cuoc : 0	 So Chi Tra 0	Loi Tuc	0
21:50:12	 Name: 6547657	 Dat Cuoc BÇu Voi 10 Tien Dong
21:50:23	 Name: 54654645	 Dat Cuoc Gµ Voi 20 Tien Dong
21:51:23	 ----------------------So Dat Cuoc : 30	 So Chi Tra 80	Loi Tuc	-50
21:51:23	 Name: 54654645	 Chien Thang Bau Cua 60 Tien Dong
21:51:23	 Name: 6547657	 Chien Thang Bau Cua 20 Tien Dong
21:51:35	 ----------------------So Dat Cuoc : 0	 So Chi Tra 0	Loi Tuc	0
21:54:23	 ----------------------So Dat Cuoc : 0	 So Chi Tra 0	Loi Tuc	0
21:54:35	 ----------------------So Dat Cuoc : 0	 So Chi Tra 0	Loi Tuc	0
21:55:45	 Name: 66542131	 Dat Cuoc Cua Voi 10 Tien Dong
21:56:06	 Name: 6547657	 Dat Cuoc Gµ Voi 20 Tien Dong
21:57:23	 ----------------------So Dat Cuoc : 30	 So Chi Tra 60	Loi Tuc	-30
21:57:23	 Name: 6547657	 Chien Thang Bau Cua 60 Tien Dong
21:57:35	 ----------------------So Dat Cuoc : 0	 So Chi Tra 0	Loi Tuc	0
21:59:21	 Name: wwwwwwww	 Dat Cuoc BÇu Voi 5 Tien Dong
22:00:23	 ----------------------So Dat Cuoc : 5	 So Chi Tra 0	Loi Tuc	5
22:00:35	 ----------------------So Dat Cuoc : 0	 So Chi Tra 0	Loi Tuc	0
