20:09:55	 ----------------------So Dat Cuoc : 0	 So Chi Tra 0	Loi Tuc	0
20:09:56	 ----------------------So Dat Cuoc : 0	 So Chi Tra 0	Loi Tuc	0
20:09:57	 ----------------------So Dat Cuoc : 0	 So Chi Tra 0	Loi Tuc	0
20:09:57	 ----------------------So Dat Cuoc : 0	 So Chi Tra 0	Loi Tuc	0
20:09:58	 ----------------------So Dat Cuoc : 0	 So Chi Tra 0	Loi Tuc	0
20:09:58	 ----------------------So Dat Cuoc : 0	 So Chi Tra 0	Loi Tuc	0
20:09:59	 ----------------------So Dat Cuoc : 0	 So Chi Tra 0	Loi Tuc	0
20:11:35	 Name: accccccc2	 Dat Cuoc Cua Voi 10 Tien Dong
20:11:50	 Name: as1111111	 Dat Cuoc Cua Voi 10 Tien Dong
20:21:24	 Name: accccccc3	 Dat Cuoc Cua Voi 10 Tien Dong
20:21:28	 ----------------------So Dat Cuoc : 10	 So Chi Tra 20	Loi Tuc	-10
20:21:28	 Name: accccccc3	 Chien Thang Bau Cua 20 Tien Dong
20:22:50	 Name: acccccccccc1	 Dat Cuoc Cua Voi 10 Tien Dong
20:23:00	 Name: acccc222	 Dat Cuoc Cua Voi 10 Tien Dong
20:23:06	 Name: Vvt111	 Dat Cuoc Cua Voi 10 Tien Dong
20:23:13	 Name: acccccc4	 Dat Cuoc Cua Voi 10 Tien Dong
20:23:21	 Name: accc555	 Dat Cuoc Cua Voi 10 Tien Dong
20:23:36	 Name: accccccc3	 Dat Cuoc Cua Voi 20 Tien Dong
20:24:28	 ----------------------So Dat Cuoc : 70	 So Chi Tra 0	Loi Tuc	70
20:26:07	 Name: acccccc1	 Dat Cuoc Cua Voi 10 Tien Dong
20:26:41	 Name: acccca2	 Dat Cuoc Cua Voi 10 Tien Dong
20:26:49	 Name: acccc111	 Dat Cuoc BÇu Voi 10 Tien Dong
20:27:15	 Name: acccca3	 Dat Cuoc Cua Voi 10 Tien Dong
20:27:28	 ----------------------So Dat Cuoc : 40	 So Chi Tra 20	Loi Tuc	20
20:27:28	 Name: acccc111	 Chien Thang Bau Cua 20 Tien Dong
20:28:39	 Name: qqqzzz1	 Dat Cuoc Gµ Voi 10 Tien Dong
20:28:56	 Name: accccc44	 Dat Cuoc Cua Voi 10 Tien Dong
20:29:03	 Name: accccc555	 Dat Cuoc Cua Voi 10 Tien Dong
20:29:32	 Name: accccc111	 Dat Cuoc Cua Voi 10 Tien Dong
20:30:22	 Name: accccc22	 Dat Cuoc Cua Voi 10 Tien Dong
20:30:28	 ----------------------So Dat Cuoc : 50	 So Chi Tra 40	Loi Tuc	10
20:32:00	 Name: acccc33	 Dat Cuoc C¸ Voi 10 Tien Dong
20:32:09	 Name: aczczcz	 Dat Cuoc BÇu Voi 10 Tien Dong
20:33:28	 ----------------------So Dat Cuoc : 20	 So Chi Tra 0	Loi Tuc	20
20:34:36	 Name: zzzzz1	 Dat Cuoc BÇu Voi 10 Tien Dong
20:36:20	 Name: accccc1111	 Dat Cuoc Cua Voi 10 Tien Dong
20:36:28	 ----------------------So Dat Cuoc : 20	 So Chi Tra 20	Loi Tuc	0
20:37:36	 Name: acccc1111	 Dat Cuoc C¸ Voi 10 Tien Dong
20:37:48	 Name: acccc11111	 Dat Cuoc BÇu Voi 10 Tien Dong
20:38:01	 Name: accc2222222	 Dat Cuoc C¸ Voi 10 Tien Dong
20:38:25	 Name: accc333	 Dat Cuoc C¸ Voi 10 Tien Dong
20:39:07	 Name: accc44	 Dat Cuoc C¸ Voi 10 Tien Dong
20:39:28	 ----------------------So Dat Cuoc : 50	 So Chi Tra 0	Loi Tuc	50
20:40:46	 Name: acccc11	 Dat Cuoc BÇu Voi 10 Tien Dong
20:40:54	 Name: acccccc111	 Dat Cuoc BÇu Voi 10 Tien Dong
20:41:29	 Name: accc222	 Dat Cuoc BÇu Voi 10 Tien Dong
20:42:15	 Name: accc3331	 Dat Cuoc BÇu Voi 10 Tien Dong
20:42:28	 ----------------------So Dat Cuoc : 40	 So Chi Tra 0	Loi Tuc	40
20:43:33	 Name: accccc111x	 Dat Cuoc C¸ Voi 10 Tien Dong
20:43:40	 Name: abcxzy	 Dat Cuoc BÇu Voi 10 Tien Dong
20:43:41	 Name: aaaa4444	 Dat Cuoc C¸ Voi 10 Tien Dong
20:43:48	 Name: acccc5	 Dat Cuoc C¸ Voi 10 Tien Dong
20:45:28	 ----------------------So Dat Cuoc : 40	 So Chi Tra 0	Loi Tuc	40
20:46:47	 Name: yyyysss	 Dat Cuoc BÇu Voi 10 Tien Dong
20:46:57	 Name: accccc333	 Dat Cuoc BÇu Voi 10 Tien Dong
20:47:05	 Name: accccc11	 Dat Cuoc BÇu Voi 10 Tien Dong
20:47:32	 Name: cacacaca	 Dat Cuoc BÇu Voi 10 Tien Dong
20:48:14	 Name: sacaacaca	 Dat Cuoc BÇu Voi 10 Tien Dong
20:48:28	 ----------------------So Dat Cuoc : 50	 So Chi Tra 100	Loi Tuc	-50
20:48:28	 Name: cacacaca	 Chien Thang Bau Cua 20 Tien Dong
20:48:28	 Name: sacaacaca	 Chien Thang Bau Cua 20 Tien Dong
20:48:28	 Name: accccc11	 Chien Thang Bau Cua 20 Tien Dong
20:48:28	 Name: accccc333	 Chien Thang Bau Cua 20 Tien Dong
20:48:28	 Name: yyyysss	 Chien Thang Bau Cua 20 Tien Dong
20:51:15	 Name: qzxassda	 Dat Cuoc T«m Voi 10 Tien Dong
20:51:28	 ----------------------So Dat Cuoc : 10	 So Chi Tra 20	Loi Tuc	-10
20:51:28	 Name: qzxassda	 Chien Thang Bau Cua 20 Tien Dong
20:51:29	 Name: qqqzzz1z	 Dat Cuoc BÇu Voi 10 Tien Dong
20:52:41	 Name: xxxxxx1	 Dat Cuoc BÇu Voi 10 Tien Dong
20:53:49	 Name: minnnn1	 Dat Cuoc BÇu Voi 10 Tien Dong
20:54:28	 ----------------------So Dat Cuoc : 30	 So Chi Tra 0	Loi Tuc	30
20:55:49	 Name: 5doc222	 Dat Cuoc Cua Voi 10 Tien Dong
20:56:25	 Name: nnnnnn1	 Dat Cuoc BÇu Voi 10 Tien Dong
20:57:05	 Name: qqqqqqqqq	 Dat Cuoc BÇu Voi 10 Tien Dong
20:57:07	 Name: 4114141	 Dat Cuoc Cua Voi 10 Tien Dong
20:57:19	 Name: occccco1	 Dat Cuoc BÇu Voi 10 Tien Dong
20:57:28	 ----------------------So Dat Cuoc : 50	 So Chi Tra 130	Loi Tuc	-80
20:57:28	 Name: occccco1	 Chien Thang Bau Cua 30 Tien Dong
20:57:28	 Name: 4114141	 Chien Thang Bau Cua 20 Tien Dong
20:57:28	 Name: qqqqqqqqq	 Chien Thang Bau Cua 30 Tien Dong
20:57:28	 Name: nnnnnn1	 Chien Thang Bau Cua 30 Tien Dong
20:57:28	 Name: 5doc222	 Chien Thang Bau Cua 20 Tien Dong
20:58:55	 Name: nnnnnn1	 Dat Cuoc Cua Voi 10 Tien Dong
20:58:59	 Name: 1313131	 Dat Cuoc C¸ Voi 10 Tien Dong
20:59:06	 Name: qqqqqqqqq	 Dat Cuoc Cua Voi 10 Tien Dong
20:59:31	 Name: 131313131	 Dat Cuoc BÇu Voi 10 Tien Dong
21:00:03	 Name: 41414141	 Dat Cuoc Cua Voi 10 Tien Dong
21:00:28	 ----------------------So Dat Cuoc : 50	 So Chi Tra 0	Loi Tuc	50
21:00:42	 ----------------------So Dat Cuoc : 0	 So Chi Tra 0	Loi Tuc	0
21:01:34	 Name: zzzzzz1	 Dat Cuoc BÇu Voi 10 Tien Dong
21:02:22	 Name: zzzzzzzz8	 Dat Cuoc BÇu Voi 10 Tien Dong
21:02:48	 Name: occce4	 Dat Cuoc BÇu Voi 10 Tien Dong
21:03:19	 Name: xxxxxx1222	 Dat Cuoc BÇu Voi 10 Tien Dong
21:03:28	 ----------------------So Dat Cuoc : 40	 So Chi Tra 0	Loi Tuc	40
21:03:31	 Name: occce5	 Dat Cuoc BÇu Voi 10 Tien Dong
21:03:42	 ----------------------So Dat Cuoc : 10	 So Chi Tra 0	Loi Tuc	10
21:04:40	 Name: occcce5	 Dat Cuoc BÇu Voi 10 Tien Dong
21:05:01	 Name: occcce1	 Dat Cuoc BÇu Voi 10 Tien Dong
21:05:09	 Name: occce2	 Dat Cuoc BÇu Voi 10 Tien Dong
21:05:36	 Name: xxx22233	 Dat Cuoc BÇu Voi 10 Tien Dong
21:05:43	 Name: occeee4	 Dat Cuoc BÇu Voi 10 Tien Dong
21:06:28	 ----------------------So Dat Cuoc : 50	 So Chi Tra 0	Loi Tuc	50
21:06:42	 ----------------------So Dat Cuoc : 0	 So Chi Tra 0	Loi Tuc	0
21:08:11	 Name: iiiiiiiiiiiii	 Dat Cuoc T«m Voi 10 Tien Dong
21:08:16	 Name: occceo1	 Dat Cuoc Cua Voi 10 Tien Dong
21:08:25	 Name: iiiiiiii	 Dat Cuoc T«m Voi 10 Tien Dong
21:08:38	 Name: iiiiiii	 Dat Cuoc T«m Voi 10 Tien Dong
21:08:52	 Name: ooccee2	 Dat Cuoc Cua Voi 10 Tien Dong
21:09:24	 Name: ooccce3	 Dat Cuoc Cua Voi 10 Tien Dong
21:09:28	 ----------------------So Dat Cuoc : 60	 So Chi Tra 90	Loi Tuc	-30
21:09:28	 Name: iiiiiii	 Chien Thang Bau Cua 30 Tien Dong
21:09:28	 Name: iiiiiiiiiiiii	 Chien Thang Bau Cua 30 Tien Dong
21:09:28	 Name: iiiiiiii	 Chien Thang Bau Cua 30 Tien Dong
21:09:42	 ----------------------So Dat Cuoc : 0	 So Chi Tra 0	Loi Tuc	0
21:12:28	 ----------------------So Dat Cuoc : 0	 So Chi Tra 0	Loi Tuc	0
21:12:42	 ----------------------So Dat Cuoc : 0	 So Chi Tra 0	Loi Tuc	0
21:13:42	 Name: iiiiiiiii	 Dat Cuoc BÇu Voi 10 Tien Dong
21:13:53	 Name: iiiiiiiiiii	 Dat Cuoc BÇu Voi 10 Tien Dong
21:14:00	 Name: iiiiiiiiii	 Dat Cuoc BÇu Voi 10 Tien Dong
21:15:28	 ----------------------So Dat Cuoc : 30	 So Chi Tra 60	Loi Tuc	-30
21:15:28	 Name: iiiiiiiiiii	 Chien Thang Bau Cua 20 Tien Dong
21:15:28	 Name: iiiiiiiiii	 Chien Thang Bau Cua 20 Tien Dong
21:15:28	 Name: iiiiiiiii	 Chien Thang Bau Cua 20 Tien Dong
21:15:42	 ----------------------So Dat Cuoc : 0	 So Chi Tra 0	Loi Tuc	0
21:16:41	 Name: ooooooii	 Dat Cuoc C¸ Voi 10 Tien Dong
21:17:01	 Name: oiiiiiiiii	 Dat Cuoc C¸ Voi 10 Tien Dong
21:17:52	 Name: qqqqqq	 Dat Cuoc C¸ Voi 10 Tien Dong
21:18:28	 ----------------------So Dat Cuoc : 30	 So Chi Tra 0	Loi Tuc	30
21:18:42	 ----------------------So Dat Cuoc : 0	 So Chi Tra 0	Loi Tuc	0
21:20:00	 Name: uuuuuu	 Dat Cuoc BÇu Voi 10 Tien Dong
21:20:39	 Name: uuuuuuuu	 Dat Cuoc Cua Voi 10 Tien Dong
21:21:19	 Name: eeeeeeee	 Dat Cuoc C¸ Voi 10 Tien Dong
21:21:28	 ----------------------So Dat Cuoc : 30	 So Chi Tra 40	Loi Tuc	-10
21:21:28	 Name: eeeeeeee	 Chien Thang Bau Cua 20 Tien Dong
21:21:28	 Name: uuuuuu	 Chien Thang Bau Cua 20 Tien Dong
21:21:42	 ----------------------So Dat Cuoc : 0	 So Chi Tra 0	Loi Tuc	0
21:23:03	 Name: vvvvvv	 Dat Cuoc Nai Voi 10 Tien Dong
21:23:39	 Name: vvvvvvvvv	 Dat Cuoc Gµ Voi 10 Tien Dong
21:24:10	 Name: vvvvvqq	 Dat Cuoc C¸ Voi 10 Tien Dong
21:24:28	 ----------------------So Dat Cuoc : 30	 So Chi Tra 40	Loi Tuc	-10
21:24:28	 Name: vvvvvqq	 Chien Thang Bau Cua 20 Tien Dong
21:24:28	 Name: vvvvvvvvv	 Chien Thang Bau Cua 20 Tien Dong
21:24:42	 ----------------------So Dat Cuoc : 0	 So Chi Tra 0	Loi Tuc	0
21:26:07	 Name: vvvvvvvvvvv	 Dat Cuoc Cua Voi 10 Tien Dong
21:27:26	 Name: bbbbbbbbbbbb	 Dat Cuoc T«m Voi 10 Tien Dong
21:27:28	 ----------------------So Dat Cuoc : 20	 So Chi Tra 20	Loi Tuc	0
21:27:28	 Name: vvvvvvvvvvv	 Chien Thang Bau Cua 20 Tien Dong
21:27:42	 ----------------------So Dat Cuoc : 0	 So Chi Tra 0	Loi Tuc	0
21:29:06	 Name: jjjjjjjj	 Dat Cuoc Nai Voi 10 Tien Dong
21:29:33	 Name: kkkkkkkk	 Dat Cuoc Cua Voi 10 Tien Dong
21:30:00	 Name: lllllllllllll	 Dat Cuoc C¸ Voi 10 Tien Dong
21:30:28	 ----------------------So Dat Cuoc : 30	 So Chi Tra 0	Loi Tuc	30
21:30:42	 ----------------------So Dat Cuoc : 0	 So Chi Tra 0	Loi Tuc	0
21:32:12	 Name: ttttttttttt	 Dat Cuoc T«m Voi 10 Tien Dong
21:32:29	 Name: ttttttttttttt	 Dat Cuoc T«m Voi 10 Tien Dong
21:33:00	 Name: ttttttt	 Dat Cuoc C¸ Voi 10 Tien Dong
21:33:28	 ----------------------So Dat Cuoc : 30	 So Chi Tra 40	Loi Tuc	-10
21:33:28	 Name: ttttttttttttt	 Chien Thang Bau Cua 20 Tien Dong
21:33:28	 Name: ttttttttttt	 Chien Thang Bau Cua 20 Tien Dong
21:33:31	 Name: ttttttttt	 Dat Cuoc C¸ Voi 10 Tien Dong
21:33:42	 ----------------------So Dat Cuoc : 10	 So Chi Tra 20	Loi Tuc	-10
21:33:42	 Name: ttttttttt	 Chien Thang Bau Cua 20 Tien Dong
21:35:51	 Name: hhhhhhhhh	 Dat Cuoc BÇu Voi 10 Tien Dong
21:36:14	 Name: hhhhhhh	 Dat Cuoc BÇu Voi 10 Tien Dong
21:36:28	 ----------------------So Dat Cuoc : 20	 So Chi Tra 0	Loi Tuc	20
21:36:42	 ----------------------So Dat Cuoc : 0	 So Chi Tra 0	Loi Tuc	0
21:37:38	 Name: gggggggg	 Dat Cuoc Nai Voi 10 Tien Dong
21:37:45	 Name: gggggggggg	 Dat Cuoc Nai Voi 10 Tien Dong
21:39:28	 ----------------------So Dat Cuoc : 20	 So Chi Tra 0	Loi Tuc	20
21:39:42	 ----------------------So Dat Cuoc : 0	 So Chi Tra 0	Loi Tuc	0
21:42:28	 ----------------------So Dat Cuoc : 0	 So Chi Tra 0	Loi Tuc	0
21:42:42	 ----------------------So Dat Cuoc : 0	 So Chi Tra 0	Loi Tuc	0
21:45:28	 ----------------------So Dat Cuoc : 0	 So Chi Tra 0	Loi Tuc	0
21:45:42	 ----------------------So Dat Cuoc : 0	 So Chi Tra 0	Loi Tuc	0
21:48:28	 ----------------------So Dat Cuoc : 0	 So Chi Tra 0	Loi Tuc	0
21:48:42	 ----------------------So Dat Cuoc : 0	 So Chi Tra 0	Loi Tuc	0
21:50:30	 Name: yyyyyyyyy	 Dat Cuoc BÇu Voi 10 Tien Dong
21:50:52	 Name: yyyyyyyy	 Dat Cuoc Cua Voi 10 Tien Dong
21:51:28	 ----------------------So Dat Cuoc : 20	 So Chi Tra 0	Loi Tuc	20
21:51:42	 ----------------------So Dat Cuoc : 0	 So Chi Tra 0	Loi Tuc	0
21:52:58	 Name: kkkkkkk	 Dat Cuoc BÇu Voi 10 Tien Dong
21:53:06	 Name: yyyyyy	 Dat Cuoc BÇu Voi 10 Tien Dong
21:53:37	 Name: kkkkkkkkk	 Dat Cuoc BÇu Voi 10 Tien Dong
21:54:28	 ----------------------So Dat Cuoc : 30	 So Chi Tra 60	Loi Tuc	-30
21:54:28	 Name: yyyyyy	 Chien Thang Bau Cua 20 Tien Dong
21:54:28	 Name: kkkkkkkkk	 Chien Thang Bau Cua 20 Tien Dong
21:54:28	 Name: kkkkkkk	 Chien Thang Bau Cua 20 Tien Dong
21:54:42	 ----------------------So Dat Cuoc : 0	 So Chi Tra 0	Loi Tuc	0
21:56:30	 Name: czczczcz	 Dat Cuoc Gµ Voi 10 Tien Dong
21:57:28	 ----------------------So Dat Cuoc : 10	 So Chi Tra 30	Loi Tuc	-20
21:57:42	 ----------------------So Dat Cuoc : 0	 So Chi Tra 0	Loi Tuc	0
21:58:50	 Name: ccczzz	 Dat Cuoc Nai Voi 10 Tien Dong
21:58:56	 Name: czczczczc	 Dat Cuoc Nai Voi 10 Tien Dong
21:59:42	 Name: ccczzzzz	 Dat Cuoc Nai Voi 10 Tien Dong
22:00:28	 ----------------------So Dat Cuoc : 30	 So Chi Tra 0	Loi Tuc	30
22:00:42	 ----------------------So Dat Cuoc : 0	 So Chi Tra 0	Loi Tuc	0
