20:02:16	 Name: asddasdasd	 Dat Cuoc C¸ Voi 10 Tien Dong
20:02:54	 Name: aaaaass	 Dat Cuoc Gµ Voi 10 Tien Dong
20:03:07	 ----------------------So Dat Cuoc : 20	 So Chi Tra 0	Loi Tuc	20
20:05:22	 Name: aasdsdasaa	 Dat Cuoc Nai Voi 10 Tien Dong
20:06:05	 Name: bawdasdsa	 Dat Cuoc Cua Voi 10 Tien Dong
20:06:07	 ----------------------So Dat Cuoc : 20	 So Chi Tra 0	Loi Tuc	20
20:07:33	 Name: basdasdasd	 Dat Cuoc T«m Voi 10 Tien Dong
20:07:42	 Name: basdasdads	 Dat Cuoc C¸ Voi 10 Tien Dong
20:08:23	 Name: basdasdsads	 Dat Cuoc Gµ Voi 10 Tien Dong
20:09:07	 ----------------------So Dat Cuoc : 30	 So Chi Tra 40	Loi Tuc	-10
20:09:07	 Name: basdasdsads	 Chien Thang Bau Cua 20 Tien Dong
20:09:07	 Name: basdasdads	 Chien Thang Bau Cua 20 Tien Dong
20:12:07	 ----------------------So Dat Cuoc : 0	 So Chi Tra 0	Loi Tuc	0
20:15:07	 ----------------------So Dat Cuoc : 0	 So Chi Tra 0	Loi Tuc	0
20:17:39	 Name: vinfast01	 Dat Cuoc BÇu Voi 10 Tien Dong
20:18:07	 ----------------------So Dat Cuoc : 10	 So Chi Tra 20	Loi Tuc	-10
20:18:07	 Name: vinfast01	 Chien Thang Bau Cua 20 Tien Dong
20:21:07	 ----------------------So Dat Cuoc : 0	 So Chi Tra 0	Loi Tuc	0
20:23:51	 Name: vinfast02	 Dat Cuoc BÇu Voi 10 Tien Dong
20:24:07	 ----------------------So Dat Cuoc : 10	 So Chi Tra 20	Loi Tuc	-10
20:24:07	 Name: vinfast02	 Chien Thang Bau Cua 20 Tien Dong
20:26:05	 Name: Vitamin01	 Dat Cuoc BÇu Voi 10 Tien Dong
20:27:07	 ----------------------So Dat Cuoc : 10	 So Chi Tra 0	Loi Tuc	10
20:28:58	 Name: Vitamin02	 Dat Cuoc BÇu Voi 10 Tien Dong
20:33:52	 ----------------------So Dat Cuoc : 0	 So Chi Tra 0	Loi Tuc	0
20:36:52	 ----------------------So Dat Cuoc : 0	 So Chi Tra 0	Loi Tuc	0
20:39:52	 ----------------------So Dat Cuoc : 0	 So Chi Tra 0	Loi Tuc	0
20:42:52	 ----------------------So Dat Cuoc : 0	 So Chi Tra 0	Loi Tuc	0
20:45:52	 ----------------------So Dat Cuoc : 0	 So Chi Tra 0	Loi Tuc	0
20:48:52	 ----------------------So Dat Cuoc : 0	 So Chi Tra 0	Loi Tuc	0
20:51:52	 ----------------------So Dat Cuoc : 0	 So Chi Tra 0	Loi Tuc	0
20:54:52	 ----------------------So Dat Cuoc : 0	 So Chi Tra 0	Loi Tuc	0
20:57:52	 ----------------------So Dat Cuoc : 0	 So Chi Tra 0	Loi Tuc	0
21:00:52	 ----------------------So Dat Cuoc : 0	 So Chi Tra 0	Loi Tuc	0
21:03:52	 ----------------------So Dat Cuoc : 0	 So Chi Tra 0	Loi Tuc	0
21:06:52	 ----------------------So Dat Cuoc : 0	 So Chi Tra 0	Loi Tuc	0
21:09:52	 ----------------------So Dat Cuoc : 0	 So Chi Tra 0	Loi Tuc	0
21:12:52	 ----------------------So Dat Cuoc : 0	 So Chi Tra 0	Loi Tuc	0
21:15:52	 ----------------------So Dat Cuoc : 0	 So Chi Tra 0	Loi Tuc	0
21:18:52	 ----------------------So Dat Cuoc : 0	 So Chi Tra 0	Loi Tuc	0
21:21:52	 ----------------------So Dat Cuoc : 0	 So Chi Tra 0	Loi Tuc	0
21:24:52	 ----------------------So Dat Cuoc : 0	 So Chi Tra 0	Loi Tuc	0
21:27:52	 ----------------------So Dat Cuoc : 0	 So Chi Tra 0	Loi Tuc	0
21:30:52	 ----------------------So Dat Cuoc : 0	 So Chi Tra 0	Loi Tuc	0
21:33:07	 Name: 0Sedee	 Dat Cuoc Cua Voi 10 Tien Dong
21:33:52	 ----------------------So Dat Cuoc : 10	 So Chi Tra 20	Loi Tuc	-10
21:33:52	 Name: 0Sedee	 Chien Thang Bau Cua 20 Tien Dong
21:35:53	 Name: 0Sedee	 Dat Cuoc C¸ Voi 10 Tien Dong
21:36:52	 ----------------------So Dat Cuoc : 10	 So Chi Tra 0	Loi Tuc	10
21:38:01	 Name: 0Sedee	 Dat Cuoc Cua Voi 30 Tien Dong
21:39:52	 ----------------------So Dat Cuoc : 30	 So Chi Tra 0	Loi Tuc	30
21:42:52	 ----------------------So Dat Cuoc : 0	 So Chi Tra 0	Loi Tuc	0
21:45:52	 ----------------------So Dat Cuoc : 0	 So Chi Tra 0	Loi Tuc	0
21:48:52	 ----------------------So Dat Cuoc : 0	 So Chi Tra 0	Loi Tuc	0
21:51:52	 ----------------------So Dat Cuoc : 0	 So Chi Tra 0	Loi Tuc	0
21:54:52	 ----------------------So Dat Cuoc : 0	 So Chi Tra 0	Loi Tuc	0
21:57:52	 ----------------------So Dat Cuoc : 0	 So Chi Tra 0	Loi Tuc	0
22:00:52	 ----------------------So Dat Cuoc : 0	 So Chi Tra 0	Loi Tuc	0
